<?xml version="1.0" encoding="UTF-8"?>
<!-- Generated by org.testng.reporters.JUnitXMLReporter -->
<testsuite ignored="0" hostname="Saileshs-MacBook-Air.local" failures="1" tests="3" name="Surefire test" time="16.519" errors="0" timestamp="2024-02-18T21:09:42 NPT">
  <testcase classname="RealWorldApp.SeleniumRWA.tests.LoginTest" name="login" time="10.307"/>
  <testcase classname="RealWorldApp.SeleniumRWA.tests.LoginTest" name="login" time="0.351"/>
  <testcase classname="RealWorldApp.SeleniumRWA.tests.LoginTest" name="login" time="0.178">
    <failure type="java.lang.AssertionError" message="URL BEFORE LOGGED IN AND AFTER LOGGED IN MATCHED did not expect [http://localhost:3000/signin] but found [http://localhost:3000/signin]">
      <![CDATA[java.lang.AssertionError: URL BEFORE LOGGED IN AND AFTER LOGGED IN MATCHED did not expect [http://localhost:3000/signin] but found [http://localhost:3000/signin]
at RealWorldApp.SeleniumRWA.tests.LoginTest.login(LoginTest.java:33)
at java.base/java.util.ArrayList.forEach(ArrayList.java:1596)
... Removed 34 stack frames]]>
    </failure>
  </testcase> <!-- login -->
</testsuite> <!-- Surefire test -->
