<?xml version="1.0" encoding="UTF-8"?>
<!-- Generated by org.testng.reporters.JUnitXMLReporter -->
<testsuite ignored="0" hostname="Saileshs-MacBook-Air.local" failures="1" tests="5" name="Test" time="37.157" errors="0" timestamp="2024-02-18T17:50:40 NPT">
  <testcase classname="RealWorldApp.SeleniumRWA.tests.LoginTest" name="login" time="10.208"/>
  <testcase classname="RealWorldApp.SeleniumRWA.tests.LoginTest" name="login" time="0.579"/>
  <testcase classname="RealWorldApp.SeleniumRWA.tests.LoginTest" name="login" time="0.493"/>
  <testcase classname="RealWorldApp.SeleniumRWA.tests.LoginTest" name="exmaple_of_iRetryAnalyzer" time="0.452">
    <skipped/>
  </testcase> <!-- exmaple_of_iRetryAnalyzer -->
  <testcase classname="RealWorldApp.SeleniumRWA.tests.LoginTest" name="exmaple_of_iRetryAnalyzer" time="0.446">
    <failure type="java.lang.AssertionError" message="URL BEFORE LOGGED IN AND AFTER LOGGED IN MATCHED did not expect [http://localhost:3000/signin] but found [http://localhost:3000/signin]">
      <![CDATA[java.lang.AssertionError: URL BEFORE LOGGED IN AND AFTER LOGGED IN MATCHED did not expect [http://localhost:3000/signin] but found [http://localhost:3000/signin]
at RealWorldApp.SeleniumRWA.tests.LoginTest.exmaple_of_iRetryAnalyzer(LoginTest.java:41)
at java.base/java.util.ArrayList.forEach(ArrayList.java:1511)
... Removed 31 stack frames]]>
    </failure>
  </testcase> <!-- exmaple_of_iRetryAnalyzer -->
</testsuite> <!-- Test -->
