<?xml version="1.0" encoding="UTF-8"?>
<!-- Generated by org.testng.reporters.JUnitXMLReporter -->
<testsuite ignored="0" hostname="Saileshs-MacBook-Air.local" failures="1" tests="5" name="Test" time="37.902" errors="0" timestamp="2024-02-18T19:54:54 NPT">
  <testcase classname="RealWorldApp.SeleniumRWA.tests.LoginTest" name="login" time="10.151"/>
  <testcase classname="RealWorldApp.SeleniumRWA.tests.LoginTest" name="login" time="0.573"/>
  <testcase classname="RealWorldApp.SeleniumRWA.tests.LoginTest" name="login" time="0.498"/>
  <testcase classname="RealWorldApp.SeleniumRWA.tests.LoginTest" name="exmaple_of_iRetryAnalyzer" time="0.418">
    <skipped/>
  </testcase> <!-- exmaple_of_iRetryAnalyzer -->
  <testcase classname="RealWorldApp.SeleniumRWA.tests.LoginTest" name="exmaple_of_iRetryAnalyzer" time="0.407">
    <failure type="java.lang.AssertionError" message="URL BEFORE LOGGED IN AND AFTER LOGGED IN MATCHED did not expect [http://localhost:3000/signin] but found [http://localhost:3000/signin]">
      <![CDATA[java.lang.AssertionError: URL BEFORE LOGGED IN AND AFTER LOGGED IN MATCHED did not expect [http://localhost:3000/signin] but found [http://localhost:3000/signin]
at RealWorldApp.SeleniumRWA.tests.LoginTest.exmaple_of_iRetryAnalyzer(LoginTest.java:41)
at java.base/java.util.ArrayList.forEach(ArrayList.java:1596)
... Removed 33 stack frames]]>
    </failure>
  </testcase> <!-- exmaple_of_iRetryAnalyzer -->
</testsuite> <!-- Test -->
